<?xml version="1.0" encoding="UTF-8"?>
<!-- Generated by org.testng.reporters.JUnitReportReporter -->
<testsuite hostname="ZakirZR-Bluestone" failures="0" tests="1" name="testCases.YourStore_Application_TestCases" time="48.468" errors="0" timestamp="2022-03-31T11:10:19 IST" skipped="0">
  <testcase classname="testCases.YourStore_Application_TestCases" name="Valdiate_Account_Registration" time="48.468"/>
  <system-out/>
</testsuite> <!-- testCases.YourStore_Application_TestCases -->
