<?xml version="1.0" encoding="UTF-8"?>
<!-- Generated by org.testng.reporters.JUnitReportReporter -->
<testsuite hostname="Believer" failures="0" tests="1" name="BlueStone.Regression_TestCases_TestDemoApplication" time="10.990" errors="0" timestamp="2021-09-15T19:11:03 IST" skipped="0">
  <testcase classname="BlueStone.Regression_TestCases_TestDemoApplication" name="basePageNavigation" time="10.990"/>
  <system-out/>
</testsuite> <!-- BlueStone.Regression_TestCases_TestDemoApplication -->
