<?xml version="1.0" encoding="UTF-8"?>
<!-- Generated by org.testng.reporters.JUnitReportReporter -->
<testsuite hostname="ZakirZR-Bluestone" failures="0" tests="1" name="testCases.IPL_ScoreBoard" time="9.476" errors="0" timestamp="2022-05-26T11:24:24 IST" skipped="0">
  <testcase classname="testCases.IPL_ScoreBoard" name="TeamNamePoints" time="9.476"/>
  <system-out/>
</testsuite> <!-- testCases.IPL_ScoreBoard -->
