<?xml version="1.0" encoding="UTF-8"?>
<!-- Generated by org.testng.reporters.JUnitReportReporter -->
<testsuite hostname="Believer" failures="0" tests="1" name="BlueStone.Selenium_Easy_Regression_TestCases" time="23.767" errors="0" timestamp="2021-09-24T07:49:35 IST" skipped="0">
  <testcase classname="BlueStone.Selenium_Easy_Regression_TestCases" name="Valdiate_user_able_Submit_Simple_Fomr" time="23.767"/>
  <system-out/>
</testsuite> <!-- BlueStone.Selenium_Easy_Regression_TestCases -->
