<?xml version="1.0" encoding="UTF-8"?>
<!-- Generated by org.testng.reporters.JUnitReportReporter -->
<testsuite hostname="Believer" failures="0" tests="1" name="BlueStone.HomePage" time="14.908" errors="0" timestamp="2021-09-15T19:02:54 IST" skipped="0">
  <testcase classname="BlueStone.HomePage" name="basePageNavigation" time="14.908"/>
  <system-out/>
</testsuite> <!-- BlueStone.HomePage -->
