<?xml version="1.0" encoding="UTF-8"?>
<!-- Generated by org.testng.reporters.JUnitReportReporter -->
<testsuite hostname="ZakirZR-Bluestone" failures="0" tests="3" name="BlueStone.FaceBook_Regression_TestCase" time="26.673" errors="0" timestamp="2022-02-01T08:04:20 IST" skipped="0">
  <testcase classname="BlueStone.FaceBook_Regression_TestCase" name="TestCase_01" time="9.093"/>
  <system-out/>
  <testcase classname="BlueStone.FaceBook_Regression_TestCase" name="TestCase_02" time="8.794"/>
  <system-out/>
  <testcase classname="BlueStone.FaceBook_Regression_TestCase" name="TestCase_03" time="8.786"/>
  <system-out/>
</testsuite> <!-- BlueStone.FaceBook_Regression_TestCase -->
