<?xml version="1.0" encoding="UTF-8"?>
<!-- Generated by org.testng.reporters.JUnitReportReporter -->
<testsuite hostname="Believer" failures="0" tests="3" name="BlueStone.Regression_TestCase_FaceBook" time="47.627" errors="0" timestamp="2021-09-15T19:11:03 IST" skipped="0">
  <testcase classname="BlueStone.Regression_TestCase_FaceBook" name="Valdiate_login_Functionality_Invalid_data" time="13.909"/>
  <system-out/>
  <testcase classname="BlueStone.Regression_TestCase_FaceBook" name="Valdiate_login_Functionality_Blank_data" time="17.189"/>
  <system-out/>
  <testcase classname="BlueStone.Regression_TestCase_FaceBook" name="Valdiate_login_Functionality_Valid_data" time="16.529"/>
  <system-out/>
</testsuite> <!-- BlueStone.Regression_TestCase_FaceBook -->
