<?xml version="1.0" encoding="UTF-8"?>
<!-- Generated by org.testng.reporters.JUnitReportReporter -->
<testsuite hostname="ZakirZR-Bluestone" failures="0" tests="1" name="BlueStone.YourStore_Application_TestCases" time="76.870" errors="0" timestamp="2022-02-09T08:28:22 IST" skipped="0">
  <testcase classname="BlueStone.YourStore_Application_TestCases" name="Valdiate_Account_Registration" time="76.870"/>
  <system-out/>
</testsuite> <!-- BlueStone.YourStore_Application_TestCases -->
